{"level":"error","message":"Somthing failed miserably Somthing failed miserably","stack":"Error: Somthing failed miserably\n    at Object.<anonymous> (C:\\Courses\\node\\vidly\\index.js:42:26)\n    at Module._compile (node:internal/modules/cjs/loader:1730:14)\n    at Object..js (node:internal/modules/cjs/loader:1895:10)\n    at Module.load (node:internal/modules/cjs/loader:1465:32)\n    at Function._load (node:internal/modules/cjs/loader:1282:12)\n    at TracingChannel.traceSync (node:diagnostics_channel:322:14)\n    at wrapModuleLoad (node:internal/modules/cjs/loader:235:24)\n    at Function.executeUserEntryPoint [as runMain] (node:internal/modules/run_main:170:5)\n    at node:internal/main/run_main_module:36:49"}
error: unhandledRejection: Somthing failed miserably
Error: Somthing failed miserably
    at Object.<anonymous> (C:\Courses\node\vidly\index.js:76:26)
    at Module._compile (node:internal/modules/cjs/loader:1730:14)
    at Object..js (node:internal/modules/cjs/loader:1895:10)
    at Module.load (node:internal/modules/cjs/loader:1465:32)
    at Function._load (node:internal/modules/cjs/loader:1282:12)
    at TracingChannel.traceSync (node:diagnostics_channel:322:14)
    at wrapModuleLoad (node:internal/modules/cjs/loader:235:24)
    at Function.executeUserEntryPoint [as runMain] (node:internal/modules/run_main:170:5)
    at node:internal/main/run_main_module:36:49 {"date":"Thu May 22 2025 13:44:20 GMT+0300 (Eastern European Summer Time)","error":{},"os":{"loadavg":[0,0,0],"uptime":164476.421},"process":{"argv":["C:\\Program Files\\nodejs\\node.exe","C:\\Courses\\node\\vidly\\index.js"],"cwd":"C:\\Courses\\node\\vidly","execPath":"C:\\Program Files\\nodejs\\node.exe","gid":null,"memoryUsage":{"arrayBuffers":18265119,"external":20699937,"heapTotal":41582592,"heapUsed":28389656,"rss":77983744},"pid":28496,"uid":null,"version":"v22.15.0"},"rejection":true,"stack":"Error: Somthing failed miserably\n    at Object.<anonymous> (C:\\Courses\\node\\vidly\\index.js:76:26)\n    at Module._compile (node:internal/modules/cjs/loader:1730:14)\n    at Object..js (node:internal/modules/cjs/loader:1895:10)\n    at Module.load (node:internal/modules/cjs/loader:1465:32)\n    at Function._load (node:internal/modules/cjs/loader:1282:12)\n    at TracingChannel.traceSync (node:diagnostics_channel:322:14)\n    at wrapModuleLoad (node:internal/modules/cjs/loader:235:24)\n    at Function.executeUserEntryPoint [as runMain] (node:internal/modules/run_main:170:5)\n    at node:internal/main/run_main_module:36:49","trace":[{"column":26,"file":"C:\\Courses\\node\\vidly\\index.js","function":null,"line":76,"method":null,"native":false},{"column":14,"file":"node:internal/modules/cjs/loader","function":"Module._compile","line":1730,"method":"_compile","native":false},{"column":10,"file":"node:internal/modules/cjs/loader","function":"Object..js","line":1895,"method":".js","native":false},{"column":32,"file":"node:internal/modules/cjs/loader","function":"Module.load","line":1465,"method":"load","native":false},{"column":12,"file":"node:internal/modules/cjs/loader","function":"Function._load","line":1282,"method":"_load","native":false},{"column":14,"file":"node:diagnostics_channel","function":"TracingChannel.traceSync","line":322,"method":"traceSync","native":false},{"column":24,"file":"node:internal/modules/cjs/loader","function":"wrapModuleLoad","line":235,"method":null,"native":false},{"column":5,"file":"node:internal/modules/run_main","function":"Function.executeUserEntryPoint [as runMain]","line":170,"method":"executeUserEntryPoint [as runMain]","native":false},{"column":49,"file":"node:internal/main/run_main_module","function":null,"line":36,"method":null,"native":false}]}
error: unhandledRejection: connect ECONNREFUSED ::1:27017, connect ECONNREFUSED 127.0.0.1:27017
MongooseServerSelectionError: connect ECONNREFUSED ::1:27017, connect ECONNREFUSED 127.0.0.1:27017
    at _handleConnectionErrors (C:\Courses\node\vidly\node_modules\mongoose\lib\connection.js:1165:11)
    at NativeConnection.openUri (C:\Courses\node\vidly\node_modules\mongoose\lib\connection.js:1096:11)
    at runNextTicks (node:internal/process/task_queues:65:5)
    at listOnTimeout (node:internal/timers:549:9)
    at process.processTimers (node:internal/timers:523:7) {"date":"Thu May 22 2025 15:42:09 GMT+0300 (Eastern European Summer Time)","error":{"cause":{"commonWireVersion":0,"compatible":true,"heartbeatFrequencyMS":10000,"localThresholdMS":15,"logicalSessionTimeoutMinutes":null,"maxElectionId":null,"maxSetVersion":null,"servers":{"localhost:27017":{"$clusterTime":null,"address":"localhost:27017","arbiters":[],"electionId":null,"error":{"beforeHandshake":false,"errorLabelSet":{}},"hosts":[],"iscryptd":false,"lastUpdateTime":171548088,"lastWriteDate":0,"logicalSessionTimeoutMinutes":null,"maxBsonObjectSize":null,"maxMessageSizeBytes":null,"maxWireVersion":0,"maxWriteBatchSize":null,"me":null,"minRoundTripTime":0,"minWireVersion":0,"passives":[],"primary":null,"roundTripTime":-1,"setName":null,"setVersion":null,"tags":{},"topologyVersion":null,"type":"Unknown"}},"setName":null,"stale":false,"type":"Unknown"},"errorLabelSet":{},"message":"connect ECONNREFUSED ::1:27017, connect ECONNREFUSED 127.0.0.1:27017","reason":{"commonWireVersion":0,"compatible":true,"heartbeatFrequencyMS":10000,"localThresholdMS":15,"logicalSessionTimeoutMinutes":null,"maxElectionId":null,"maxSetVersion":null,"servers":{"localhost:27017":{"$clusterTime":null,"address":"localhost:27017","arbiters":[],"electionId":null,"error":{"beforeHandshake":false,"errorLabelSet":{}},"hosts":[],"iscryptd":false,"lastUpdateTime":171548088,"lastWriteDate":0,"logicalSessionTimeoutMinutes":null,"maxBsonObjectSize":null,"maxMessageSizeBytes":null,"maxWireVersion":0,"maxWriteBatchSize":null,"me":null,"minRoundTripTime":0,"minWireVersion":0,"passives":[],"primary":null,"roundTripTime":-1,"setName":null,"setVersion":null,"tags":{},"topologyVersion":null,"type":"Unknown"}},"setName":null,"stale":false,"type":"Unknown"}},"os":{"loadavg":[0,0,0],"uptime":171545.031},"process":{"argv":["C:\\Program Files\\nodejs\\node.exe","C:\\Courses\\node\\vidly\\index.js"],"cwd":"C:\\Courses\\node\\vidly","execPath":"C:\\Program Files\\nodejs\\node.exe","gid":null,"memoryUsage":{"arrayBuffers":18264799,"external":20699617,"heapTotal":27164672,"heapUsed":24638784,"rss":64708608},"pid":28308,"uid":null,"version":"v22.15.0"},"rejection":true,"stack":"MongooseServerSelectionError: connect ECONNREFUSED ::1:27017, connect ECONNREFUSED 127.0.0.1:27017\n    at _handleConnectionErrors (C:\\Courses\\node\\vidly\\node_modules\\mongoose\\lib\\connection.js:1165:11)\n    at NativeConnection.openUri (C:\\Courses\\node\\vidly\\node_modules\\mongoose\\lib\\connection.js:1096:11)\n    at runNextTicks (node:internal/process/task_queues:65:5)\n    at listOnTimeout (node:internal/timers:549:9)\n    at process.processTimers (node:internal/timers:523:7)","trace":[{"column":11,"file":"C:\\Courses\\node\\vidly\\node_modules\\mongoose\\lib\\connection.js","function":"_handleConnectionErrors","line":1165,"method":null,"native":false},{"column":11,"file":"C:\\Courses\\node\\vidly\\node_modules\\mongoose\\lib\\connection.js","function":"NativeConnection.openUri","line":1096,"method":"openUri","native":false},{"column":5,"file":"node:internal/process/task_queues","function":"runNextTicks","line":65,"method":null,"native":false},{"column":9,"file":"node:internal/timers","function":"listOnTimeout","line":549,"method":null,"native":false},{"column":7,"file":"node:internal/timers","function":"process.processTimers","line":523,"method":"processTimers","native":false}]}
info: Listening on port 3000...
info: Connected to MongoDB...
info: Listening on port 3000...
info: Connected to MongoDB...
info: Listening on port 3000...
info: Connected to mongodb://localhost/vidly...
info: Listening on port 3000...
info: Connected to mongodb://localhost/vidly_tests...
info: Listening on port 3000...
info: Connected to mongodb://localhost/vidly_tests...
info: Listening on port 3000...
info: Connected to mongodb://localhost/vidly_tests...
info: Listening on port 3000...
info: Connected to mongodb://localhost/vidly_tests...
info: Listening on port 3000...
info: Connected to mongodb://localhost/vidly_tests...
info: Listening on port 3000...
info: Connected to mongodb://localhost/vidly_tests...
info: Listening on port 3000...
info: Connected to mongodb://localhost/vidly_tests...
info: Listening on port 3000...
info: Connected to mongodb://localhost/vidly_tests...
info: Listening on port 3000...
info: Connected to mongodb://localhost/vidly_tests...
info: Listening on port 3000...
info: Connected to mongodb://localhost/vidly_tests...
info: Listening on port 3000...
info: Connected to mongodb://localhost/vidly_tests...
info: Listening on port 3000...
info: Connected to mongodb://localhost/vidly_tests...
info: Listening on port 3000...
info: Connected to mongodb://localhost/vidly_tests...
info: Listening on port 3000...
info: Connected to mongodb://localhost/vidly_tests...
info: Listening on port 3000...
info: Connected to mongodb://localhost/vidly_tests...
info: Listening on port 3000...
info: Connected to mongodb://localhost/vidly_tests...
info: Listening on port 3000...
info: Connected to mongodb://localhost/vidly_tests...
info: Listening on port 3000...
info: Connected to mongodb://localhost/vidly_tests...
info: Listening on port 3000...
info: Connected to mongodb://localhost/vidly_tests...
info: Listening on port 3000...
info: Connected to mongodb://localhost/vidly_tests...
info: Listening on port 3000...
info: Connected to mongodb://localhost/vidly_tests...
info: Listening on port 3000...
info: Connected to mongodb://localhost/vidly_tests...
info: Listening on port 3000...
info: Connected to mongodb://localhost/vidly_tests...
info: Listening on port 3000...
info: Connected to mongodb://localhost/vidly_tests...
info: Listening on port 3000...
info: Connected to mongodb://localhost/vidly_tests...
info: Listening on port 3000...
info: Connected to mongodb://localhost/vidly_tests...
info: Listening on port 3000...
info: Connected to mongodb://localhost/vidly_tests...
info: Listening on port 3000...
info: Connected to mongodb://localhost/vidly_tests...
info: Listening on port 3000...
info: Connected to mongodb://localhost/vidly_tests...
info: Listening on port 3000...
info: Connected to mongodb://localhost/vidly_tests...
info: Listening on port 3000...
info: Connected to mongodb://localhost/vidly_tests...
info: Listening on port 3000...
info: Connected to mongodb://localhost/vidly_tests...
error: Cast to ObjectId failed for value "1" (type string) at path "_id" for model "Genre" Cast to ObjectId failed for value "1" (type string) at path "_id" for model "Genre" {"kind":"ObjectId","path":"_id","reason":{},"stack":"CastError: Cast to ObjectId failed for value \"1\" (type string) at path \"_id\" for model \"Genre\"\n    at SchemaObjectId.Object.<anonymous>.SchemaObjectId.cast (C:\\Courses\\node\\vidly\\node_modules\\mongoose\\lib\\schema\\objectId.js:251:11)\n    at SchemaObjectId.Object.<anonymous>.SchemaType.applySetters (C:\\Courses\\node\\vidly\\node_modules\\mongoose\\lib\\schemaType.js:1255:12)\n    at SchemaObjectId.Object.<anonymous>.SchemaType.castForQuery (C:\\Courses\\node\\vidly\\node_modules\\mongoose\\lib\\schemaType.js:1673:17)\n    at cast (C:\\Courses\\node\\vidly\\node_modules\\mongoose\\lib\\cast.js:390:32)\n    at model.Query.Object.<anonymous>.Query.cast (C:\\Courses\\node\\vidly\\node_modules\\mongoose\\lib\\query.js:5055:12)\n    at model.Query.Object.<anonymous>.Query._castConditions (C:\\Courses\\node\\vidly\\node_modules\\mongoose\\lib\\query.js:2351:10)\n    at model.Query._findOne (C:\\Courses\\node\\vidly\\node_modules\\mongoose\\lib\\query.js:2674:8)\n    at model.Query.exec (C:\\Courses\\node\\vidly\\node_modules\\mongoose\\lib\\query.js:4604:80)\n    at processTicksAndRejections (node:internal/process/task_queues:105:5)\n    at C:\\Courses\\node\\vidly\\routes\\genres.js:48:17","stringValue":"\"1\"","value":"1","valueType":"string"}
info: Listening on port 3000...
info: Connected to mongodb://localhost/vidly_tests...
error: Cast to ObjectId failed for value "1" (type string) at path "_id" for model "Genre" Cast to ObjectId failed for value "1" (type string) at path "_id" for model "Genre" {"kind":"ObjectId","path":"_id","reason":{},"stack":"CastError: Cast to ObjectId failed for value \"1\" (type string) at path \"_id\" for model \"Genre\"\n    at SchemaObjectId.Object.<anonymous>.SchemaObjectId.cast (C:\\Courses\\node\\vidly\\node_modules\\mongoose\\lib\\schema\\objectId.js:251:11)\n    at SchemaObjectId.Object.<anonymous>.SchemaType.applySetters (C:\\Courses\\node\\vidly\\node_modules\\mongoose\\lib\\schemaType.js:1255:12)\n    at SchemaObjectId.Object.<anonymous>.SchemaType.castForQuery (C:\\Courses\\node\\vidly\\node_modules\\mongoose\\lib\\schemaType.js:1673:17)\n    at cast (C:\\Courses\\node\\vidly\\node_modules\\mongoose\\lib\\cast.js:390:32)\n    at model.Query.Object.<anonymous>.Query.cast (C:\\Courses\\node\\vidly\\node_modules\\mongoose\\lib\\query.js:5055:12)\n    at model.Query.Object.<anonymous>.Query._castConditions (C:\\Courses\\node\\vidly\\node_modules\\mongoose\\lib\\query.js:2351:10)\n    at model.Query._findOne (C:\\Courses\\node\\vidly\\node_modules\\mongoose\\lib\\query.js:2674:8)\n    at model.Query.exec (C:\\Courses\\node\\vidly\\node_modules\\mongoose\\lib\\query.js:4604:80)\n    at processTicksAndRejections (node:internal/process/task_queues:105:5)\n    at C:\\Courses\\node\\vidly\\routes\\genres.js:48:17","stringValue":"\"1\"","value":"1","valueType":"string"}
info: Listening on port 3000...
info: Connected to mongodb://localhost/vidly_tests...
info: Listening on port 3000...
info: Connected to mongodb://localhost/vidly_tests...
info: Listening on port 3000...
info: Connected to mongodb://localhost/vidly_tests...
error: Cast to ObjectId failed for value "1" (type string) at path "_id" for model "Genre" Cast to ObjectId failed for value "1" (type string) at path "_id" for model "Genre" {"kind":"ObjectId","path":"_id","reason":{},"stack":"CastError: Cast to ObjectId failed for value \"1\" (type string) at path \"_id\" for model \"Genre\"\n    at SchemaObjectId.Object.<anonymous>.SchemaObjectId.cast (C:\\Courses\\node\\vidly\\node_modules\\mongoose\\lib\\schema\\objectId.js:251:11)\n    at SchemaObjectId.Object.<anonymous>.SchemaType.applySetters (C:\\Courses\\node\\vidly\\node_modules\\mongoose\\lib\\schemaType.js:1255:12)\n    at SchemaObjectId.Object.<anonymous>.SchemaType.castForQuery (C:\\Courses\\node\\vidly\\node_modules\\mongoose\\lib\\schemaType.js:1673:17)\n    at cast (C:\\Courses\\node\\vidly\\node_modules\\mongoose\\lib\\cast.js:390:32)\n    at model.Query.Object.<anonymous>.Query.cast (C:\\Courses\\node\\vidly\\node_modules\\mongoose\\lib\\query.js:5055:12)\n    at model.Query.Object.<anonymous>.Query._castConditions (C:\\Courses\\node\\vidly\\node_modules\\mongoose\\lib\\query.js:2351:10)\n    at model.Query._findOne (C:\\Courses\\node\\vidly\\node_modules\\mongoose\\lib\\query.js:2674:8)\n    at model.Query.exec (C:\\Courses\\node\\vidly\\node_modules\\mongoose\\lib\\query.js:4604:80)\n    at processTicksAndRejections (node:internal/process/task_queues:105:5)\n    at C:\\Courses\\node\\vidly\\routes\\genres.js:48:17","stringValue":"\"1\"","value":"1","valueType":"string"}
info: Listening on port 3000...
info: Connected to mongodb://localhost/vidly_tests...
info: Listening on port 3000...
info: Connected to mongodb://localhost/vidly_tests...
info: Listening on port 3000...
info: Connected to mongodb://localhost/vidly_tests...
error: Cast to ObjectId failed for value "1" (type string) at path "_id" for model "Genre" Cast to ObjectId failed for value "1" (type string) at path "_id" for model "Genre" {"kind":"ObjectId","path":"_id","reason":{},"stack":"CastError: Cast to ObjectId failed for value \"1\" (type string) at path \"_id\" for model \"Genre\"\n    at SchemaObjectId.Object.<anonymous>.SchemaObjectId.cast (C:\\Courses\\node\\vidly\\node_modules\\mongoose\\lib\\schema\\objectId.js:251:11)\n    at SchemaObjectId.Object.<anonymous>.SchemaType.applySetters (C:\\Courses\\node\\vidly\\node_modules\\mongoose\\lib\\schemaType.js:1255:12)\n    at SchemaObjectId.Object.<anonymous>.SchemaType.castForQuery (C:\\Courses\\node\\vidly\\node_modules\\mongoose\\lib\\schemaType.js:1673:17)\n    at cast (C:\\Courses\\node\\vidly\\node_modules\\mongoose\\lib\\cast.js:390:32)\n    at model.Query.Object.<anonymous>.Query.cast (C:\\Courses\\node\\vidly\\node_modules\\mongoose\\lib\\query.js:5055:12)\n    at model.Query.Object.<anonymous>.Query._castConditions (C:\\Courses\\node\\vidly\\node_modules\\mongoose\\lib\\query.js:2351:10)\n    at model.Query._findOne (C:\\Courses\\node\\vidly\\node_modules\\mongoose\\lib\\query.js:2674:8)\n    at model.Query.exec (C:\\Courses\\node\\vidly\\node_modules\\mongoose\\lib\\query.js:4604:80)\n    at processTicksAndRejections (node:internal/process/task_queues:105:5)\n    at C:\\Courses\\node\\vidly\\routes\\genres.js:48:17","stringValue":"\"1\"","value":"1","valueType":"string"}
info: Listening on port 3000...
info: Connected to mongodb://localhost/vidly_tests...
info: Listening on port 3000...
info: Connected to mongodb://localhost/vidly_tests...
info: Listening on port 3000...
info: Connected to mongodb://localhost/vidly_tests...
info: Listening on port 3000...
info: Connected to mongodb://localhost/vidly_tests...
info: Listening on port 3000...
info: Connected to mongodb://localhost/vidly_tests...
info: Listening on port 3000...
info: Connected to mongodb://localhost/vidly_tests...
info: Listening on port 3000...
info: Connected to mongodb://localhost/vidly_tests...
info: Listening on port 3000...
info: Connected to mongodb://localhost/vidly_tests...
error: Cast to ObjectId failed for value "1" (type string) at path "_id" for model "Genre" Cast to ObjectId failed for value "1" (type string) at path "_id" for model "Genre" {"kind":"ObjectId","path":"_id","reason":{},"stack":"CastError: Cast to ObjectId failed for value \"1\" (type string) at path \"_id\" for model \"Genre\"\n    at SchemaObjectId.Object.<anonymous>.SchemaObjectId.cast (C:\\Courses\\node\\vidly\\node_modules\\mongoose\\lib\\schema\\objectId.js:251:11)\n    at SchemaObjectId.Object.<anonymous>.SchemaType.applySetters (C:\\Courses\\node\\vidly\\node_modules\\mongoose\\lib\\schemaType.js:1255:12)\n    at SchemaObjectId.Object.<anonymous>.SchemaType.castForQuery (C:\\Courses\\node\\vidly\\node_modules\\mongoose\\lib\\schemaType.js:1673:17)\n    at cast (C:\\Courses\\node\\vidly\\node_modules\\mongoose\\lib\\cast.js:390:32)\n    at model.Query.Object.<anonymous>.Query.cast (C:\\Courses\\node\\vidly\\node_modules\\mongoose\\lib\\query.js:5055:12)\n    at model.Query.Object.<anonymous>.Query._castConditions (C:\\Courses\\node\\vidly\\node_modules\\mongoose\\lib\\query.js:2351:10)\n    at model.Query._findOne (C:\\Courses\\node\\vidly\\node_modules\\mongoose\\lib\\query.js:2674:8)\n    at model.Query.exec (C:\\Courses\\node\\vidly\\node_modules\\mongoose\\lib\\query.js:4604:80)\n    at processTicksAndRejections (node:internal/process/task_queues:105:5)\n    at C:\\Courses\\node\\vidly\\routes\\genres.js:48:17","stringValue":"\"1\"","value":"1","valueType":"string"}
info: Listening on port 3000...
info: Connected to mongodb://localhost/vidly_tests...
error: Cast to ObjectId failed for value "1" (type string) at path "_id" for model "Genre" Cast to ObjectId failed for value "1" (type string) at path "_id" for model "Genre" {"kind":"ObjectId","path":"_id","reason":{},"stack":"CastError: Cast to ObjectId failed for value \"1\" (type string) at path \"_id\" for model \"Genre\"\n    at SchemaObjectId.Object.<anonymous>.SchemaObjectId.cast (C:\\Courses\\node\\vidly\\node_modules\\mongoose\\lib\\schema\\objectId.js:251:11)\n    at SchemaObjectId.Object.<anonymous>.SchemaType.applySetters (C:\\Courses\\node\\vidly\\node_modules\\mongoose\\lib\\schemaType.js:1255:12)\n    at SchemaObjectId.Object.<anonymous>.SchemaType.castForQuery (C:\\Courses\\node\\vidly\\node_modules\\mongoose\\lib\\schemaType.js:1673:17)\n    at cast (C:\\Courses\\node\\vidly\\node_modules\\mongoose\\lib\\cast.js:390:32)\n    at model.Query.Object.<anonymous>.Query.cast (C:\\Courses\\node\\vidly\\node_modules\\mongoose\\lib\\query.js:5055:12)\n    at model.Query.Object.<anonymous>.Query._castConditions (C:\\Courses\\node\\vidly\\node_modules\\mongoose\\lib\\query.js:2351:10)\n    at model.Query._findOne (C:\\Courses\\node\\vidly\\node_modules\\mongoose\\lib\\query.js:2674:8)\n    at model.Query.exec (C:\\Courses\\node\\vidly\\node_modules\\mongoose\\lib\\query.js:4604:80)\n    at processTicksAndRejections (node:internal/process/task_queues:105:5)\n    at C:\\Courses\\node\\vidly\\routes\\genres.js:49:17","stringValue":"\"1\"","value":"1","valueType":"string"}
info: Listening on port 3000...
info: Connected to mongodb://localhost/vidly_tests...
info: Listening on port 3000...
info: Connected to mongodb://localhost/vidly_tests...
info: Listening on port 3000...
info: Connected to mongodb://localhost/vidly_tests...
info: Listening on port 3000...
info: Connected to mongodb://localhost/vidly_tests...
info: Listening on port 3000...
info: Connected to mongodb://localhost/vidly_tests...
info: Listening on port 3000...
info: Connected to mongodb://localhost/vidly_tests...
info: Listening on port 3000...
info: Connected to mongodb://localhost/vidly_tests...
info: Listening on port 3000...
info: Connected to mongodb://localhost/vidly_tests...
info: Listening on port 3000...
info: Connected to mongodb://localhost/vidly_tests...
info: Listening on port 3000...
info: Connected to mongodb://localhost/vidly_tests...
info: Listening on port 3000...
info: Connected to mongodb://localhost/vidly_tests...
error: Genre validation failed: name: Path `name` (`aaaaaaaaaaaaaaaaaaaaaaaaaaaaaaaaaaaaaaaaaaaaaaaaaaa`) is longer than the maximum allowed length (50). Genre validation failed: name: Path `name` (`aaaaaaaaaaaaaaaaaaaaaaaaaaaaaaaaaaaaaaaaaaaaaaaaaaa`) is longer than the maximum allowed length (50). {"_message":"Genre validation failed","errors":{"name":{"kind":"maxlength","message":"Path `name` (`aaaaaaaaaaaaaaaaaaaaaaaaaaaaaaaaaaaaaaaaaaaaaaaaaaa`) is longer than the maximum allowed length (50).","name":"ValidatorError","path":"name","properties":{"maxlength":50,"message":"Path `name` (`aaaaaaaaaaaaaaaaaaaaaaaaaaaaaaaaaaaaaaaaaaaaaaaaaaa`) is longer than the maximum allowed length (50).","path":"name","type":"maxlength","value":"aaaaaaaaaaaaaaaaaaaaaaaaaaaaaaaaaaaaaaaaaaaaaaaaaaa"},"value":"aaaaaaaaaaaaaaaaaaaaaaaaaaaaaaaaaaaaaaaaaaaaaaaaaaa"}},"stack":"ValidationError: Genre validation failed: name: Path `name` (`aaaaaaaaaaaaaaaaaaaaaaaaaaaaaaaaaaaaaaaaaaaaaaaaaaa`) is longer than the maximum allowed length (50).\n    at model.Object.<anonymous>.Document.invalidate (C:\\Courses\\node\\vidly\\node_modules\\mongoose\\lib\\document.js:3343:32)\n    at C:\\Courses\\node\\vidly\\node_modules\\mongoose\\lib\\document.js:3104:17\n    at C:\\Courses\\node\\vidly\\node_modules\\mongoose\\lib\\schemaType.js:1407:9\n    at processTicksAndRejections (node:internal/process/task_queues:85:11)"}
info: Listening on port 3000...
info: Connected to mongodb://localhost/vidly_tests...
info: Listening on port 3000...
info: Connected to mongodb://localhost/vidly_tests...
info: Listening on port 3000...
info: Connected to mongodb://localhost/vidly_tests...
info: Listening on port 3000...
info: Connected to mongodb://localhost/vidly_tests...
info: Listening on port 3000...
info: Connected to mongodb://localhost/vidly_tests...
info: Listening on port 3000...
info: Connected to mongodb://localhost/vidly_tests...
info: Listening on port 3000...
info: Connected to mongodb://localhost/vidly_tests...
info: Listening on port 3000...
info: Connected to mongodb://localhost/vidly_tests...
info: Listening on port 3000...
info: Connected to mongodb://localhost/vidly_tests...
info: Listening on port 3000...
info: Connected to mongodb://localhost/vidly_tests...
info: Listening on port 3000...
info: Connected to mongodb://localhost/vidly_tests...
info: Listening on port 3000...
info: Connected to mongodb://localhost/vidly_tests...
info: Listening on port 3000...
info: Connected to mongodb://localhost/vidly_tests...
info: Listening on port 3000...
info: Connected to mongodb://localhost/vidly_tests...
info: Listening on port 3000...
info: Connected to mongodb://localhost/vidly_tests...
info: Listening on port 3000...
info: Connected to mongodb://localhost/vidly_tests...
info: Listening on port 3000...
info: Connected to mongodb://localhost/vidly_tests...
info: Listening on port 3000...
info: Connected to mongodb://localhost/vidly_tests...
info: Listening on port 3000...
info: Connected to mongodb://localhost/vidly_tests...
info: Listening on port 3000...
info: Connected to mongodb://localhost/vidly_tests...
info: Listening on port 3000...
info: Connected to mongodb://localhost/vidly_tests...
info: Listening on port 3000...
info: Connected to mongodb://localhost/vidly_tests...
info: Listening on port 3000...
info: Connected to mongodb://localhost/vidly_tests...
info: Listening on port 3000...
info: Connected to mongodb://localhost/vidly_tests...
info: Listening on port 3000...
info: Connected to mongodb://localhost/vidly_tests...
info: Listening on port 3000...
info: Connected to mongodb://localhost/vidly_tests...
info: Connected to mongodb://localhost/vidly_tests...
info: Listening on port 3000...
info: Listening on port 3000...
info: Listening on port 3000...
info: Connected to mongodb://localhost/vidly_tests...
info: Connected to mongodb://localhost/vidly_tests...
info: Listening on port 3000...
info: Connected to mongodb://localhost/vidly_tests...
info: Listening on port 3000...
info: Connected to mongodb://localhost/vidly_tests...
info: Listening on port 3000...
info: Connected to mongodb://localhost/vidly_tests...
info: Listening on port 3000...
info: Connected to mongodb://localhost/vidly_tests...
info: Listening on port 3000...
info: Connected to mongodb://localhost/vidly_tests...
info: Listening on port 3000...
info: Connected to mongodb://localhost/vidly_tests...
info: Listening on port 3000...
info: Connected to mongodb://localhost/vidly_tests...
info: Listening on port 3000...
info: Connected to mongodb://localhost/vidly_tests...
info: Listening on port 3000...
info: Listening on port 3000...
info: Connected to mongodb://localhost/vidly_tests...
info: Connected to mongodb://localhost/vidly_tests...
info: Listening on port 3000...
info: Connected to mongodb://localhost/vidly_tests...
info: Listening on port 3000...
info: Connected to mongodb://localhost/vidly_tests...
info: Listening on port 3000...
info: Connected to mongodb://localhost/vidly_tests...
info: Listening on port 3000...
info: Connected to mongodb://localhost/vidly_tests...
info: Listening on port 3000...
info: Connected to mongodb://localhost/vidly_tests...
info: Connected to mongodb://localhost/vidly_tests...
info: Listening on port 3000...
info: Listening on port 3000...
info: Connected to mongodb://localhost/vidly_tests...
info: Connected to mongodb://localhost/vidly_tests...
info: Listening on port 3000...
info: Listening on port 3000...
info: Connected to mongodb://localhost/vidly_tests...
info: Connected to mongodb://localhost/vidly_tests...
info: Listening on port 3000...
info: Listening on port 3000...
info: Connected to mongodb://localhost/vidly_tests...
info: Listening on port 3000...
info: Connected to mongodb://localhost/vidly_tests...
info: Listening on port 3000...
info: Connected to mongodb://localhost/vidly_tests...
info: Listening on port 3000...
info: Connected to mongodb://localhost/vidly_tests...
info: Listening on port 3000...
info: Connected to mongodb://localhost/vidly_tests...
info: Listening on port 3000...
info: Connected to mongodb://localhost/vidly_tests...
info: Listening on port 3000...
info: Listening on port 3000...
info: Connected to mongodb://localhost/vidly_tests...
info: Connected to mongodb://localhost/vidly_tests...
info: Listening on port 3000...
info: Connected to mongodb://localhost/vidly_tests...
info: Listening on port 3000...
info: Connected to mongodb://localhost/vidly_tests...
info: Listening on port 3000...
info: Connected to mongodb://localhost/vidly_tests...
info: Listening on port 3000...
info: Connected to mongodb://localhost/vidly_tests...
info: Listening on port 3000...
info: Connected to mongodb://localhost/vidly_tests...
info: Listening on port 3000...
info: Connected to mongodb://localhost/vidly_tests...
info: Listening on port 3000...
info: Connected to mongodb://localhost/vidly_tests...
info: Listening on port 3000...
info: Connected to mongodb://localhost/vidly_tests...
info: Listening on port 3000...
info: Connected to mongodb://localhost/vidly_tests...
info: Listening on port 3000...
info: Connected to mongodb://localhost/vidly_tests...
info: Listening on port 3000...
info: Connected to mongodb://localhost/vidly_tests...
info: Connected to mongodb://localhost/vidly_tests...
info: Listening on port 3000...
info: Listening on port 3000...
info: Listening on port 3000...
info: Connected to mongodb://localhost/vidly_tests...
info: Connected to mongodb://localhost/vidly_tests...
info: Listening on port 3000...
info: Connected to mongodb://localhost/vidly_tests...
info: Connected to mongodb://localhost/vidly_tests...
info: Listening on port 3000...
info: Listening on port 3000...
info: Listening on port 3000...
info: Connected to mongodb://localhost/vidly_tests...
info: Connected to mongodb://localhost/vidly_tests...
info: Listening on port 3000...
info: Listening on port 3000...
info: Connected to mongodb://localhost/vidly_tests...
info: Connected to mongodb://localhost/vidly_tests...
info: Listening on port 3000...
info: Connected to mongodb://localhost/vidly_tests...
info: Listening on port 3000...
info: Connected to mongodb://localhost/vidly_tests...
info: Listening on port 3000...
info: Connected to mongodb://localhost/vidly_tests...
info: Connected to mongodb://localhost/vidly_tests...
info: Listening on port 3000...
info: Listening on port 3000...
info: Listening on port 3000...
info: Connected to mongodb://localhost/vidly_tests...
info: Connected to mongodb://localhost/vidly_tests...
info: Listening on port 3000...
info: Listening on port 3000...
info: Connected to mongodb://localhost/vidly_tests...
info: Connected to mongodb://localhost/vidly_tests...
info: Listening on port 3000...
info: Connected to mongodb://localhost/vidly_tests...
info: Listening on port 3000...
info: Connected to mongodb://localhost/vidly_tests...
info: Listening on port 3000...
info: Connected to mongodb://localhost/vidly_tests...
info: Listening on port 3000...
info: Connected to mongodb://localhost/vidly_tests...
info: Listening on port 3000...
info: Connected to mongodb://localhost/vidly_tests...
info: Connected to mongodb://localhost/vidly_tests...
info: Listening on port 3000...
info: Listening on port 3000...
info: Listening on port 3000...
info: Connected to mongodb://localhost/vidly_tests...
info: Connected to mongodb://localhost/vidly_tests...
info: Listening on port 3000...
info: Connected to mongodb://localhost/vidly_tests...
info: Listening on port 3000...
info: Connected to mongodb://localhost/vidly_tests...
info: Listening on port 3000...
info: Connected to mongodb://localhost/vidly_tests...
info: Listening on port 3000...
info: Connected to mongodb://localhost/vidly_tests...
info: Listening on port 3000...
info: Listening on port 3000...
info: Connected to mongodb://localhost/vidly_tests...
info: Connected to mongodb://localhost/vidly_tests...
info: Listening on port 3000...
info: Connected to mongodb://localhost/vidly_tests...
info: Listening on port 3000...
info: Connected to mongodb://localhost/vidly_tests...
info: Listening on port 3000...
info: Connected to mongodb://localhost/vidly_tests...
info: Listening on port 3000...
info: Connected to mongodb://localhost/vidly_tests...
info: Listening on port 3000...
info: Listening on port 3000...
info: Connected to mongodb://localhost/vidly_tests...
info: Connected to mongodb://localhost/vidly_tests...
info: Listening on port 3000...
info: Connected to mongodb://localhost/vidly_tests...
info: Listening on port 3000...
info: Connected to mongodb://localhost/vidly_tests...
info: Listening on port 3000...
info: Listening on port 3000...
info: Connected to mongodb://localhost/vidly_tests...
info: Connected to mongodb://localhost/vidly_tests...
info: Listening on port 3000...
info: Connected to mongodb://localhost/vidly_tests...
info: Connected to mongodb://localhost/vidly_tests...
info: Listening on port 3000...
info: Listening on port 3000...
info: Listening on port 3000...
info: Connected to mongodb://localhost/vidly_tests...
info: Connected to mongodb://localhost/vidly_tests...
info: Listening on port 3000...
info: Connected to mongodb://localhost/vidly_tests...
info: Listening on port 3000...
info: Connected to mongodb://localhost/vidly_tests...
info: Listening on port 3000...
info: Connected to mongodb://localhost/vidly_tests...
info: Listening on port 3000...
info: Connected to mongodb://localhost/vidly_tests...
info: Listening on port 3000...
info: Connected to mongodb://localhost/vidly_tests...
info: Listening on port 3000...
info: Connected to mongodb://localhost/vidly_tests...
info: Listening on port 3000...
info: Connected to mongodb://localhost/vidly_tests...
info: Listening on port 3000...
info: Connected to mongodb://localhost/vidly_tests...
info: Listening on port 3000...
info: Connected to mongodb://localhost/vidly_tests...
info: Listening on port 3000...
info: Connected to mongodb://localhost/vidly_tests...
info: Listening on port 3000...
info: Connected to mongodb://localhost/vidly_tests...
info: Listening on port 3000...
info: Connected to mongodb://localhost/vidly_tests...
info: Listening on port 3000...
info: Listening on port 3000...
info: Connected to mongodb://localhost/vidly_tests...
info: Connected to mongodb://localhost/vidly_tests...
info: Listening on port 3000...
info: Connected to mongodb://localhost/vidly_tests...
info: Listening on port 3000...
info: Connected to mongodb://localhost/vidly_tests...
info: Listening on port 3000...
info: Listening on port 3000...
info: Connected to mongodb://localhost/vidly_tests...
info: Connected to mongodb://localhost/vidly_tests...
info: Listening on port 3000...
info: Connected to mongodb://localhost/vidly_tests...
info: Listening on port 3000...
info: Connected to mongodb://localhost/vidly_tests...
info: Listening on port 3000...
info: Connected to mongodb://localhost/vidly_tests...
info: Listening on port 3000...
info: Connected to mongodb://localhost/vidly_tests...
info: Listening on port 3000...
info: Connected to mongodb://localhost/vidly_tests...
info: Listening on port 3000...
info: Connected to mongodb://localhost/vidly_tests...
info: Listening on port 3000...
info: Connected to mongodb://localhost/vidly_tests...
info: Listening on port 3000...
info: Connected to mongodb://localhost/vidly_tests...
info: Listening on port 3000...
info: Connected to mongodb://localhost/vidly_tests...
info: Listening on port 3000...
info: Connected to mongodb://localhost/vidly_tests...
info: Listening on port 3000...
info: Connected to mongodb://localhost/vidly_tests...
info: Listening on port 3000...
info: Connected to mongodb://localhost/vidly_tests...
info: Listening on port 3000...
info: Connected to mongodb://localhost/vidly_tests...
info: Listening on port 3000...
info: Connected to mongodb://localhost/vidly_tests...
info: Listening on port 3000...
info: Connected to mongodb://localhost/vidly_tests...
info: Listening on port 3000...
info: Connected to mongodb://localhost/vidly_tests...
info: Listening on port 3000...
info: Connected to mongodb://localhost/vidly_tests...
info: Listening on port 3000...
info: Connected to mongodb://localhost/vidly_tests...
info: Listening on port 3000...
info: Connected to mongodb://localhost/vidly_tests...
info: Listening on port 3000...
info: Connected to mongodb://localhost/vidly_tests...
info: Listening on port 3000...
info: Connected to mongodb://localhost/vidly_tests...
info: Listening on port 3000...
info: Listening on port 3000...
info: Connected to mongodb://localhost/vidly_tests...
info: Connected to mongodb://localhost/vidly_tests...
info: Listening on port 3000...
info: Listening on port 3000...
info: Connected to mongodb://localhost/vidly_tests...
info: Connected to mongodb://localhost/vidly_tests...
info: Listening on port 3000...
info: Connected to mongodb://localhost/vidly_tests...
info: Listening on port 3000...
info: Connected to mongodb://localhost/vidly_tests...
info: Listening on port 3000...
info: Listening on port 3000...
info: Connected to mongodb://localhost/vidly_tests...
info: Connected to mongodb://localhost/vidly_tests...
info: Listening on port 3000...
info: Connected to mongodb://localhost/vidly_tests...
info: Listening on port 3000...
info: Connected to mongodb://localhost/vidly_tests...
info: Listening on port 3000...
info: Connected to mongodb://localhost/vidly_tests...
info: Listening on port 3000...
info: Connected to mongodb://localhost/vidly_tests...
info: Listening on port 3000...
info: Listening on port 3000...
info: Connected to mongodb://localhost/vidly_tests...
info: Connected to mongodb://localhost/vidly_tests...
info: Listening on port 3000...
info: Listening on port 3000...
info: Connected to mongodb://localhost/vidly_tests...
info: Connected to mongodb://localhost/vidly_tests...
info: Listening on port 3000...
info: Connected to mongodb://localhost/vidly_tests...
info: Listening on port 3000...
info: Connected to mongodb://localhost/vidly_tests...
info: Listening on port 3000...
info: Connected to mongodb://localhost/vidly_tests...
info: Listening on port 3000...
info: Connected to mongodb://localhost/vidly_tests...
info: Listening on port 3000...
info: Connected to mongodb://localhost/vidly_tests...
info: Listening on port 3000...
info: Connected to mongodb://localhost/vidly_tests...
info: Listening on port 3000...
info: Connected to mongodb://localhost/vidly_tests...
info: Listening on port 3000...
info: Connected to mongodb://localhost/vidly_tests...
info: Listening on port 3000...
info: Connected to mongodb://localhost/vidly_tests...
info: Listening on port 3000...
info: Connected to mongodb://localhost/vidly_tests...
info: Listening on port 3000...
info: Connected to mongodb://localhost/vidly_tests...
info: Listening on port 3000...
info: Connected to mongodb://localhost/vidly_tests...
info: Listening on port 3000...
info: Connected to mongodb://localhost/vidly_tests...
info: Listening on port 3000...
info: Connected to mongodb://localhost/vidly_tests...
info: Listening on port 3000...
info: Connected to mongodb://localhost/vidly_tests...
info: Listening on port 3000...
info: Connected to mongodb://localhost/vidly_tests...
info: Listening on port 3000...
info: Connected to mongodb://localhost/vidly_tests...
info: Listening on port 3000...
info: Connected to mongodb://localhost/vidly_tests...
info: Listening on port 3000...
info: Connected to mongodb://localhost/vidly_tests...
info: Listening on port 3000...
info: Connected to mongodb://localhost/vidly_tests...
info: Listening on port 3000...
info: Connected to mongodb://localhost/vidly_tests...
info: Listening on port 3000...
info: Connected to mongodb://localhost/vidly_tests...
info: Listening on port 3000...
info: Connected to mongodb://localhost/vidly_tests...
info: Listening on port 3000...
info: Connected to mongodb://localhost/vidly_tests...
info: Listening on port 3000...
info: Connected to mongodb://localhost/vidly_tests...
info: Listening on port 3000...
info: Connected to mongodb://localhost/vidly_tests...
